
ROM used:   1404/7936 (18%)
            1404/7936 (18%) including unused fragments

            1.1 Average locations per line
            8.8 Average locations per statement

RAM used:   28/357 (8%) at main() level
            44/357 (12%) worst case

Stack used: 2 worst case (1 in main + 1 for interrupts)
Stack size: 7

Lines Stmts  %   Files
----- ----- ---  -----
  251   159 100  Project3.c
   14     0   0  Project3.h
  672     0   0  C:\Program Files (x86)\PICC\Devices\16F877A.h
  319     0   0  def_877a.h
----- -----
 1256   159 Total

Page ROM  %  RAM    Vol Diff  Functions:
---- --- --- ---    --- ----  ----------
0     24   2    1             @delay_ms1
0      5   0    0     13  1.0  interrupt_timer1
 Inline         0     48  1.1  DC_MOTOR_KTAO_CCP1_THUAN
 Inline         0     48  1.1  DC_MOTOR_KTAO_CCP2_NGHICH
0     16   1    1     50  2.0  DC_MOTOR_KTAO_CCPX_KTAO
0     42   3    1     61  2.3  DC_MOTOR_PWW_SETUP_DUTY
 Inline         1    250  3.2  TAO_XUNG_TRIGGER
 Inline         2             @ITOF
0    548  39    0    156  3.1  DOC_KHOANG_CACH
 Inline         4             @DTOF
 Inline        16             @ADDFF
0    202  14   14             @DIVFF
 Inline         4             @SFTOI
0    464  33    5   6280  4.0  chay_line
0     54   4    0    412  3.8  MAIN
 Inline         0             @cinit1

Program metrics:
    Functions               9
    Statements              159
    Comments                257
    Volume (V)              8708
    Difficulty (D)          24.5
    Effort to implement (E) 213769
    Time to implement (T)   3 hours, 18 minutes
    Est Delivered Bugs (B)  1
    Cyclomatic Complexity   15
    Maintainability (MI)    134

 Segment     Used  Free
-----------  ----  ----
00000-00003     4  0  
00004-00030    45  0  
00031-007FF  1355  644  
00800-00FFF     0  2048  
01000-017FF     0  2048  
01800-01EFF     0  1792  



